npm WARN config global `--global`, `--local` are deprecated. Use `--location=global` instead.
npm verb cli C:\Program Files\nodejs\node.exe C:\Program Files\nodejs\node_modules\npm\bin\npm-cli.js
npm info using npm@8.11.0
npm info using node@v16.16.0
npm timing npm:load:whichnode Completed in 0ms
npm timing config:load:defaults Completed in 3ms
npm timing config:load:file:C:\Program Files\nodejs\node_modules\npm\npmrc Completed in 2ms
npm timing config:load:builtin Completed in 3ms
npm timing config:load:cli Completed in 1ms
npm timing config:load:env Completed in 1ms
npm timing config:load:file:C:\Users\MarcelaLopez\OneDrive - applaudostudios.com\Documents\VisualProjects\tuto_cy\tmpBstackPackages\.npmrc Completed in 0ms
npm timing config:load:project Completed in 6ms
npm timing config:load:file:C:\Users\MarcelaLopez\.npmrc Completed in 0ms
npm timing config:load:user Completed in 0ms
npm timing config:load:file:C:\Users\MarcelaLopez\AppData\Roaming\npm\etc\npmrc Completed in 0ms
npm timing config:load:global Completed in 0ms
npm timing config:load:validate Completed in 0ms
npm timing config:load:credentials Completed in 1ms
npm timing config:load:setEnvs Completed in 1ms
npm timing config:load Completed in 17ms
npm timing npm:load:configload Completed in 17ms
npm timing npm:load:mkdirpcache Completed in 1ms
npm timing npm:load:mkdirplogs Completed in 0ms
npm verb title npm install
npm verb argv "install" "--legacy-peer-deps" "--loglevel" "verbose"
npm timing npm:load:setTitle Completed in 2ms
npm timing config:load:flatten Completed in 3ms
npm timing npm:load:display Completed in 9ms
npm verb logfile logs-max:10 dir:C:\Users\MarcelaLopez\AppData\Local\npm-cache\_logs
npm verb logfile C:\Users\MarcelaLopez\AppData\Local\npm-cache\_logs\2022-10-12T04_16_11_744Z-debug-0.log
npm timing npm:load:logFile Completed in 6ms
npm timing npm:load:timers Completed in 0ms
npm timing npm:load:configScope Completed in 0ms
npm timing npm:load Completed in 38ms
npm timing arborist:ctor Completed in 1ms
npm timing arborist:ctor Completed in 0ms
npm timing idealTree:init Completed in 8ms
npm timing idealTree:userRequests Completed in 0ms
npm timing idealTree:#root Completed in 0ms
npm timing idealTree:buildDeps Completed in 1ms
npm timing idealTree:fixDepFlags Completed in 0ms
npm timing idealTree Completed in 9ms
npm timing reify:loadTrees Completed in 11ms
npm timing reify:diffTrees Completed in 0ms
npm timing reify:retireShallow Completed in 1ms
npm timing reify:createSparse Completed in 0ms
npm timing reify:loadBundles Completed in 0ms
npm timing reify:audit Completed in 1ms
npm timing reify:unpack Completed in 0ms
npm timing reify:unretire Completed in 0ms
npm timing build:queue Completed in 0ms
npm timing build:deps Completed in 1ms
npm timing build Completed in 1ms
npm timing reify:build Completed in 1ms
npm timing reify:trash Completed in 0ms
npm timing reify:save Completed in 2ms
npm timing reify Completed in 22ms

up to date, audited 1 package in 173ms

found 0 vulnerabilities
npm timing command:install Completed in 32ms
npm verb exit 0
npm timing npm Completed in 174ms
npm info ok 
